Release "istio-base" does not exist. Installing it now.
NAME: istio-base
LAST DEPLOYED: Sun Jun 28 15:04:17 2026
NAMESPACE: istio-system
STATUS: deployed
REVISION: 1
DESCRIPTION: Install complete
TEST SUITE: None
NOTES:
Istio base successfully installed!

To learn more about the release, try:
  $ helm status istio-base -n istio-system
  $ helm get all istio-base -n istio-system
Release "istiod" does not exist. Installing it now.
NAME: istiod
LAST DEPLOYED: Sun Jun 28 15:04:27 2026
NAMESPACE: istio-system
STATUS: deployed
REVISION: 1
DESCRIPTION: Install complete
TEST SUITE: None
NOTES:
"istiod" successfully installed!

To learn more about the release, try:
  $ helm status istiod -n istio-system
  $ helm get all istiod -n istio-system

Next steps:
  * Deploy a Gateway: https://istio.io/latest/docs/setup/additional-setup/gateway/
  * Try out our tasks to get started on common configurations:
    * https://istio.io/latest/docs/tasks/traffic-management
    * https://istio.io/latest/docs/tasks/security/
    * https://istio.io/latest/docs/tasks/policy-enforcement/
  * Review the list of actively supported releases, CVE publications and our hardening guide:
    * https://istio.io/latest/docs/releases/supported-releases/
    * https://istio.io/latest/news/security/
    * https://istio.io/latest/docs/ops/best-practices/security/

For further documentation see https://istio.io website
deployment "istiod" successfully rolled out
1.30.2
